2025-10-04 20:20:58.713474 - User: bella247 - Path: /
2025-10-04 20:21:13.926653 - User: bella247 - Path: /api/
2025-10-04 20:21:25.828601 - User: bella247 - Path: /api/messages/
2025-10-04 20:21:41.689484 - User: bella247 - Path: /api/messages/
2025-10-04 20:21:56.211755 - User: bella247 - Path: /api/messages/
2025-10-04 20:22:52.359467 - User: bella247 - Path: /api/messages/
2025-10-04 20:23:01.827667 - User: bella247 - Path: /api/messages/
2025-10-04 20:23:04.309845 - User: bella247 - Path: /api/messages/
2025-10-04 20:23:21.459082 - User: bella247 - Path: /api/messages/
2025-10-04 20:23:24.009597 - User: bella247 - Path: /api/messages/
2025-10-04 20:24:03.521728 - User: bella247 - Path: /api/messages/
2025-10-04 20:24:05.003997 - User: bella247 - Path: /api/messages/
2025-10-04 20:24:06.058907 - User: bella247 - Path: /api/messages/
2025-10-04 20:24:07.102235 - User: bella247 - Path: /api/messages/
2025-10-04 20:24:07.835632 - User: bella247 - Path: /api/messages/
2025-10-04 20:24:16.078691 - User: bella247 - Path: /api/messages/
2025-10-04 20:24:16.162688 - User: bella247 - Path: /api/messages/
2025-10-04 20:24:16.296234 - User: bella247 - Path: /api/messages/
2025-10-04 20:24:16.422850 - User: bella247 - Path: /api/messages/
2025-10-04 20:24:16.530124 - User: bella247 - Path: /api/messages/
2025-10-04 20:24:16.680458 - User: bella247 - Path: /api/messages/
2025-10-04 20:24:16.777083 - User: bella247 - Path: /api/messages/
2025-10-04 20:24:16.919277 - User: bella247 - Path: /api/messages/
2025-10-04 20:24:17.139545 - User: bella247 - Path: /api/messages/
2025-10-05 13:43:45.223802 - User: bella247 - Path: /
2025-10-05 13:43:45.418955 - User: bella247 - Path: /favicon.ico
2025-10-05 13:43:53.843452 - User: bella247 - Path: /chats/conversations/
2025-10-05 13:44:01.376866 - User: bella247 - Path: /chats/messages/
2025-10-05 13:46:07.962984 - User: bella247 - Path: /chats/messages/
2025-10-05 13:46:11.321230 - User: bella247 - Path: /chats/messages/
2025-10-05 13:46:30.460412 - User: bella247 - Path: /chats/messages/
2025-10-05 13:46:57.427008 - User: bella247 - Path: /chats/messages/
2025-10-05 13:47:20.419891 - User: bella247 - Path: /chats/conversations/
2025-10-05 13:47:23.475289 - User: bella247 - Path: /chats/conversations/
2025-10-05 13:47:30.473935 - User: bella247 - Path: /chats/conversations/
2025-10-05 14:01:56.241070 - User: bella247 - Path: /chats/conversations/
2025-10-05 14:02:03.137622 - User: bella247 - Path: /chats/conversations/
2025-10-05 14:02:06.903009 - User: bella247 - Path: /chats/conversations/
2025-10-05 14:02:08.725422 - User: bella247 - Path: /chats/conversations/
2025-10-05 14:02:11.538367 - User: bella247 - Path: /chats/conversations/
2025-10-05 14:02:13.748708 - User: bella247 - Path: /chats/conversations/
2025-10-05 14:02:15.907080 - User: bella247 - Path: /chats/conversations/
2025-10-05 14:02:16.237891 - User: bella247 - Path: /chats/conversations/
2025-10-05 14:02:32.742701 - User: bella247 - Path: /chats/conversations/e508e5c8-4991-4dc5-bd1f-7afdb3133a06
2025-10-05 14:02:32.779201 - User: bella247 - Path: /chats/conversations/e508e5c8-4991-4dc5-bd1f-7afdb3133a06/
2025-10-05 14:03:32.455599 - User: bella247 - Path: /chats/conversations/e508e5c8-4991-4dc5-bd1f-7afdb3133a06/
2025-10-05 14:05:00.079527 - User: bella247 - Path: /chats/conversations/e508e5c8-4991-4dc5-bd1f-7afdb3133a06/
2025-10-05 14:05:32.180483 - User: bella247 - Path: /chats/conversations/e508e5c8-4991-4dc5-bd1f-7afdb3133a06/
2025-10-05 14:05:45.161860 - User: bella247 - Path: /chats/conversations/e508e5c8-4991-4dc5-bd1f-7afdb3133a06/
2025-10-05 14:05:52.118296 - User: bella247 - Path: /chats/conversations/e508e5c8-4991-4dc5-bd1f-7afdb3133a06/
2025-10-05 14:05:56.692208 - User: bella247 - Path: /chats/conversations/
2025-10-05 14:06:04.790508 - User: bella247 - Path: /chats/messages/
2025-10-05 14:07:20.421575 - User: bella247 - Path: /chats/messages/
2025-10-05 14:07:27.558542 - User: bella247 - Path: /chats/messages/
2025-10-05 14:07:50.119446 - User: bella247 - Path: /chats/messages/
2025-10-05 14:08:23.676273 - User: bella247 - Path: /chats/messages/
2025-10-05 14:09:55.329559 - User: bella247 - Path: /chats/messages/e508e5c8-4991-4dc5-bd1f-7afdb3133a06
2025-10-05 14:09:55.342500 - User: bella247 - Path: /chats/messages/e508e5c8-4991-4dc5-bd1f-7afdb3133a06/
2025-10-05 14:10:54.149788 - User: bella247 - Path: /chats/conversations/e508e5c8-4991-4dc5-bd1f-7afdb3133a06/messages/
2025-10-05 14:11:28.528526 - User: bella247 - Path: /chats/conversations/e508e5c8-4991-4dc5-bd1f-7afdb3133a06/messages/
2025-10-05 14:11:55.160471 - User: bella247 - Path: /chats/conversations/e508e5c8-4991-4dc5-bd1f-7afdb3133a06/messages/
2025-10-05 14:12:00.493038 - User: bella247 - Path: /chats/conversations/e508e5c8-4991-4dc5-bd1f-7afdb3133a06/messages/
2025-10-05 14:12:31.942807 - User: bella247 - Path: /chats/conversations/e508e5c8-4991-4dc5-bd1f-7afdb3133a06/messages/
2025-10-05 14:12:35.262495 - User: bella247 - Path: /chats/conversations/e508e5c8-4991-4dc5-bd1f-7afdb3133a06/messages/
2025-10-05 14:12:41.414697 - User: bella247 - Path: /chats/conversations/e508e5c8-4991-4dc5-bd1f-7afdb3133a06/messages/
2025-10-05 14:12:46.109227 - User: bella247 - Path: /chats/conversations/e508e5c8-4991-4dc5-bd1f-7afdb3133a06/messages/
2025-10-05 14:13:41.003486 - User: bella247 - Path: /api/api-auth/logout/
2025-10-05 14:13:41.018222 - User: Anonymous - Path: /chats/conversations/e508e5c8-4991-4dc5-bd1f-7afdb3133a06/messages/
2025-10-05 14:13:44.666687 - User: Anonymous - Path: /chats/conversations/e508e5c8-4991-4dc5-bd1f-7afdb3133a06/messages/
2025-10-05 14:13:46.438191 - User: Anonymous - Path: /api/api-auth/login/
2025-10-05 14:13:59.477532 - User: Anonymous - Path: /api/api-auth/login/
2025-10-05 14:14:10.624438 - User: Anonymous - Path: /api/api-auth/login/
2025-10-05 14:14:23.874275 - User: Anonymous - Path: /api/api-auth/login/
2025-10-05 14:14:24.462067 - User: bella247 - Path: /chats/conversations/e508e5c8-4991-4dc5-bd1f-7afdb3133a06/messages/
2025-10-05 14:14:48.098753 - User: bella247 - Path: /admin/
2025-10-05 14:14:50.230339 - User: bella247 - Path: /admin/chats/user/
2025-10-05 14:14:50.439325 - User: bella247 - Path: /admin/jsi18n/
2025-10-05 14:14:53.477622 - User: bella247 - Path: /admin/chats/user/add/
2025-10-05 14:14:53.725772 - User: bella247 - Path: /admin/jsi18n/
2025-10-05 14:15:28.632945 - User: bella247 - Path: /admin/chats/user/add/
2025-10-05 14:15:28.835872 - User: bella247 - Path: /admin/jsi18n/
2025-10-05 14:15:31.228438 - User: bella247 - Path: /admin/chats/user/add/
2025-10-05 14:15:31.299059 - User: bella247 - Path: /admin/jsi18n/
2025-10-05 14:15:38.056780 - User: bella247 - Path: /admin/
2025-10-05 14:15:41.038428 - User: bella247 - Path: /admin/chats/user/
2025-10-05 14:15:41.093091 - User: bella247 - Path: /admin/jsi18n/
2025-10-05 14:15:43.626857 - User: bella247 - Path: /admin/chats/user/add/
2025-10-05 14:15:43.702588 - User: bella247 - Path: /admin/jsi18n/
2025-10-05 14:16:49.382864 - User: bella247 - Path: /admin/chats/user/add/
2025-10-05 14:16:49.549651 - User: bella247 - Path: /admin/jsi18n/
2025-10-05 14:16:53.715423 - User: bella247 - Path: /admin/chats/user/
2025-10-05 14:16:53.768782 - User: bella247 - Path: /admin/jsi18n/
2025-10-05 14:16:54.880835 - User: bella247 - Path: /admin/chats/user/add/
2025-10-05 14:16:54.979595 - User: bella247 - Path: /admin/jsi18n/
2025-10-05 14:17:50.786317 - User: bella247 - Path: /admin/chats/user/add/
2025-10-05 14:17:50.879626 - User: bella247 - Path: /admin/jsi18n/
2025-10-05 14:18:27.631528 - User: bella247 - Path: /admin/chats/user/add/
2025-10-05 14:18:27.656173 - User: bella247 - Path: /admin/chats/user/
2025-10-05 14:18:27.704688 - User: bella247 - Path: /admin/jsi18n/
2025-10-05 14:18:43.936177 - User: bella247 - Path: /chats/messages/
2025-10-05 14:19:34.124244 - User: bella247 - Path: /chats/conversations/e508e5c8-4991-4dc5-bd1f-7afdb3133a06/messages/
